[2025-08-17 19:32:02] [DATABASE ERROR] Erro ao executar query: SQLSTATE[HY093]: Invalid parameter number
[2025-08-17 19:32:12] [DATABASE ERROR] Erro ao executar query: SQLSTATE[HY093]: Invalid parameter number
[2025-08-17 19:34:57] [DATABASE ERROR] Erro ao executar query: SQLSTATE[HY093]: Invalid parameter number
[2025-08-17 19:36:15] [DATABASE ERROR] Erro ao executar query: SQLSTATE[HY093]: Invalid parameter number
[2025-08-17 19:44:08] [DATABASE ERROR] Erro ao executar query: SQLSTATE[HY093]: Invalid parameter number
[2025-08-17 19:44:38] [DATABASE ERROR] Erro de conexão: SQLSTATE[HY000] [2002] Nenhuma conexão pôde ser feita porque a máquina de destino as recusou ativamente
[2025-08-17 19:44:55] [DATABASE ERROR] Erro de conexão: SQLSTATE[HY000] [2002] Nenhuma conexão pôde ser feita porque a máquina de destino as recusou ativamente
[2025-08-17 19:50:01] [DATABASE ERROR] Erro de conexão: SQLSTATE[HY000] [2002] Nenhuma conexão pôde ser feita porque a máquina de destino as recusou ativamente
[2025-08-17 19:50:06] [DATABASE ERROR] Erro de conexão: SQLSTATE[HY000] [2002] Nenhuma conexão pôde ser feita porque a máquina de destino as recusou ativamente
[2025-08-17 19:50:18] [DATABASE ERROR] Erro de conexão: SQLSTATE[HY000] [2002] Nenhuma conexão pôde ser feita porque a máquina de destino as recusou ativamente
[2025-08-17 21:28:33] [DATABASE ERROR] Erro ao executar query: SQLSTATE[HY093]: Invalid parameter number
[2025-08-17 21:28:41] [DATABASE ERROR] Erro ao executar query: SQLSTATE[HY093]: Invalid parameter number
[2025-08-17 21:28:54] [DATABASE ERROR] Erro ao executar query: SQLSTATE[HY093]: Invalid parameter number
[2025-08-17 21:31:45] [DATABASE ERROR] Erro ao executar query: SQLSTATE[HY093]: Invalid parameter number
[2025-08-17 21:32:08] [DATABASE ERROR] Erro ao executar query: SQLSTATE[HY093]: Invalid parameter number
[2025-08-17 21:37:06] [DATABASE ERROR] Erro ao executar query: SQLSTATE[HY093]: Invalid parameter number
[2025-08-17 21:37:15] [DATABASE ERROR] Erro ao executar query: SQLSTATE[HY093]: Invalid parameter number
[2025-08-17 21:38:09] [DATABASE ERROR] Erro ao executar query: SQLSTATE[HY093]: Invalid parameter number
[2025-08-17 21:50:47] [DATABASE ERROR] Erro ao executar query: SQLSTATE[HY093]: Invalid parameter number
[2025-08-17 21:52:45] [DATABASE ERROR] Erro ao executar query: SQLSTATE[HY093]: Invalid parameter number
[2025-08-17 21:53:50] [DATABASE ERROR] Erro ao executar query: SQLSTATE[HY093]: Invalid parameter number
[2025-08-17 21:55:25] [DATABASE ERROR] Erro ao executar query: SQLSTATE[HY093]: Invalid parameter number
[2025-08-18 08:51:41] [DATABASE ERROR] Erro ao executar query: SQLSTATE[HY093]: Invalid parameter number
[2025-08-18 09:55:03] [DATABASE ERROR] Erro ao executar query: SQLSTATE[HY093]: Invalid parameter number
[2025-08-18 09:55:13] [DATABASE ERROR] Erro ao executar query: SQLSTATE[HY093]: Invalid parameter number
[2025-08-18 09:59:18] [DATABASE ERROR] Erro ao executar query: SQLSTATE[HY093]: Invalid parameter number
[2025-08-18 10:00:45] [DATABASE ERROR] Erro ao executar query: SQLSTATE[HY093]: Invalid parameter number
[2025-08-18 10:00:45] [DATABASE ERROR] Erro ao executar query: SQLSTATE[HY093]: Invalid parameter number
[2025-08-18 10:01:11] [DATABASE ERROR] Erro ao executar query: SQLSTATE[HY093]: Invalid parameter number
[2025-08-18 10:01:11] [DATABASE ERROR] Erro ao executar query: SQLSTATE[HY093]: Invalid parameter number
[2025-08-18 10:01:33] [DATABASE ERROR] Erro ao executar query: SQLSTATE[HY093]: Invalid parameter number
[2025-08-18 10:03:19] [DATABASE ERROR] Erro ao executar query: SQLSTATE[HY093]: Invalid parameter number
[2025-08-18 10:03:44] [DATABASE ERROR] Erro ao executar query: SQLSTATE[HY093]: Invalid parameter number
[2025-08-18 10:03:44] [DATABASE ERROR] Erro ao executar query: SQLSTATE[HY093]: Invalid parameter number
[2025-08-18 10:06:11] [DATABASE ERROR] Erro ao executar query: SQLSTATE[HY093]: Invalid parameter number
[2025-08-18 10:06:11] [DATABASE ERROR] Erro ao executar query: SQLSTATE[HY093]: Invalid parameter number
[2025-08-18 10:06:34] [DATABASE ERROR] Erro ao executar query: SQLSTATE[HY093]: Invalid parameter number
[2025-08-18 10:19:36] [DATABASE ERROR] Erro ao executar query: SQLSTATE[HY093]: Invalid parameter number
[2025-08-18 10:19:44] [DATABASE ERROR] Erro ao executar query: SQLSTATE[HY093]: Invalid parameter number
[2025-08-18 10:21:03] [DATABASE ERROR] Erro ao executar query: SQLSTATE[HY093]: Invalid parameter number
[2025-08-18 10:21:32] [DATABASE ERROR] Erro ao executar query: SQLSTATE[HY093]: Invalid parameter number
[2025-08-18 10:29:08] [DATABASE ERROR] Erro ao executar query: SQLSTATE[HY093]: Invalid parameter number
[2025-08-18 10:30:45] [DATABASE ERROR] Erro ao executar query: SQLSTATE[HY093]: Invalid parameter number
[2025-08-18 10:34:13] [DATABASE ERROR] Erro ao executar query: SQLSTATE[HY093]: Invalid parameter number
[2025-08-18 10:49:09] [DATABASE ERROR] Erro ao preparar query: SQLSTATE[42S22]: Column not found: 1054 Unknown column 'admin' in 'where clause' SQL: SELECT u.*, p.nome as perfil_nome 
                FROM usuarios u 
                JOIN perfis p ON u.perfil_id = p.id 
                WHERE (u.usuario = admin OR u.email = admin) 
                AND u.ativo = 1
[2025-08-18 10:52:55] [DATABASE ERROR] Erro ao executar query: SQLSTATE[HY093]: Invalid parameter number
[2025-08-18 10:56:55] [DATABASE ERROR] Erro ao preparar query: SQLSTATE[42S22]: Column not found: 1054 Unknown column 'admin' in 'where clause' SQL: SELECT u.*, p.nome as perfil_nome 
                FROM usuarios u 
                JOIN perfis p ON u.perfil_id = p.id 
                WHERE (u.usuario = admin OR u.email = admin) 
                AND u.ativo = 1
[2025-08-18 11:03:38] [DATABASE ERROR] Erro ao executar query: SQLSTATE[HY093]: Invalid parameter number
[2025-08-18 11:04:57] [DATABASE ERROR] Erro ao executar query: SQLSTATE[HY093]: Invalid parameter number
[2025-08-18 13:43:36] [DATABASE ERROR] Erro ao executar query: SQLSTATE[HY093]: Invalid parameter number
[2025-08-18 13:55:20] [DATABASE ERROR] Erro ao executar query: SQLSTATE[HY093]: Invalid parameter number
[2025-08-18 13:55:26] [DATABASE ERROR] Erro ao executar query: SQLSTATE[HY093]: Invalid parameter number
