[2025-08-18 10:19:36] [USER ERROR] Usuário não encontrado ou perfil inválido para: admin
[2025-08-18 10:19:44] [USER ERROR] Usuário não encontrado ou perfil inválido para: admin
[2025-08-18 10:21:03] [USER ERROR] Usuário não encontrado ou perfil inválido para: admin
[2025-08-18 10:21:32] [USER ERROR] Usuário não encontrado ou perfil inválido para: admin
[2025-08-18 10:29:08] [USER ERROR] Usuário não encontrado ou perfil inválido para: admin
[2025-08-18 10:30:45] [USER ERROR] Usuário não encontrado ou perfil inválido para: admin
[2025-08-18 10:34:13] [USER ERROR] Sql: SELECT u.*, p.nome as perfil_nome 
                FROM usuarios u 
                JOIN perfis p ON u.perfil_id = p.id 
                WHERE (u.usuario = :username OR u.email = :username) 
                AND u.ativo = 1
[2025-08-18 10:34:13] [USER ERROR] Usuário não encontrado ou perfil inválido para: admin
[2025-08-18 10:49:09] [USER ERROR] Sql: SELECT u.*, p.nome as perfil_nome 
                FROM usuarios u 
                JOIN perfis p ON u.perfil_id = p.id 
                WHERE (u.usuario = admin OR u.email = admin) 
                AND u.ativo = 1
[2025-08-18 10:52:55] [USER ERROR] Sql: SELECT u.*, p.nome as perfil_nome 
                FROM usuarios u 
                JOIN perfis p ON u.perfil_id = p.id 
                WHERE (u.usuario = :username OR u.email = :username) 
                AND u.ativo = 1
[2025-08-18 10:52:55] [USER ERROR] Usuário não encontrado ou perfil inválido para: admin
[2025-08-18 10:56:55] [USER ERROR] Sql: SELECT u.*, p.nome as perfil_nome 
                FROM usuarios u 
                JOIN perfis p ON u.perfil_id = p.id 
                WHERE (u.usuario = admin OR u.email = admin) 
                AND u.ativo = 1
[2025-08-18 11:03:38] [USER ERROR] params: Array
[2025-08-18 11:03:38] [USER ERROR] Usuário não encontrado ou perfil inválido para: admin
[2025-08-18 11:04:57] [USER ERROR] params: 
[2025-08-18 11:04:57] [USER ERROR] Usuário não encontrado ou perfil inválido para: admin
[2025-08-18 13:43:36] [USER ERROR] SqlSELECT u.*, p.nome as perfil_nome 
                FROM usuarios u 
                JOIN perfis p ON u.perfil_id = p.id 
                WHERE (u.usuario = :username OR u.email = :username) 
                AND u.ativo = 1 params: 
[2025-08-18 13:43:36] [USER ERROR] Usuário não encontrado ou perfil inválido para: admin
[2025-08-18 13:55:20] [USER ERROR] SQL: SELECT u.*, p.nome as perfil_nome 
                FROM usuarios u 
                JOIN perfis p ON u.perfil_id = p.id 
                WHERE (u.usuario = :username OR u.email = :username) 
                AND u.ativo = 1 | Params: {":username":"admin"} | Result: Not found
[2025-08-18 13:55:20] [USER ERROR] Usuário não encontrado ou perfil inválido para: admin
[2025-08-18 13:55:26] [USER ERROR] SQL: SELECT u.*, p.nome as perfil_nome 
                FROM usuarios u 
                JOIN perfis p ON u.perfil_id = p.id 
                WHERE (u.usuario = :username OR u.email = :username) 
                AND u.ativo = 1 | Params: {":username":"admin"} | Result: Not found
[2025-08-18 13:55:26] [USER ERROR] Usuário não encontrado ou perfil inválido para: admin
[2025-08-18 14:06:06] [USER ERROR] SQL: SELECT u.*, p.nome as perfil_nome 
                FROM usuarios u 
                JOIN perfis p ON u.perfil_id = p.id 
                WHERE (u.usuario = :username OR u.email = :email) 
                AND u.ativo = 1 | Params: {":username":"admin",":email":"admin"} | Result: Found
[2025-08-18 14:07:38] [USER ERROR] SQL: SELECT u.*, p.nome as perfil_nome 
                FROM usuarios u 
                JOIN perfis p ON u.perfil_id = p.id 
                WHERE (u.usuario = :username OR u.email = :email) 
                AND u.ativo = 1 | Params: {":username":"admin",":email":"admin"} | Result: Found
[2025-08-20 07:37:14] [USER ERROR] SQL: SELECT u.*, p.nome as perfil_nome 
                FROM usuarios u 
                JOIN perfis p ON u.perfil_id = p.id 
                WHERE (u.usuario = :username OR u.email = :email) 
                AND u.ativo = 1 | Params: {":username":"admin",":email":"admin"} | Result: Found
[2025-08-20 07:45:24] [USER ERROR] SQL: SELECT u.*, p.nome as perfil_nome 
                FROM usuarios u 
                JOIN perfis p ON u.perfil_id = p.id 
                WHERE (u.usuario = :username OR u.email = :email) 
                AND u.ativo = 1 | Params: {":username":"admin",":email":"admin"} | Result: Found
[2025-08-20 07:50:35] [USER ERROR] SQL: SELECT u.*, p.nome as perfil_nome 
                FROM usuarios u 
                JOIN perfis p ON u.perfil_id = p.id 
                WHERE (u.usuario = :username OR u.email = :email) 
                AND u.ativo = 1 | Params: {":username":"admin",":email":"admin"} | Result: Found
[2025-08-20 08:56:10] [USER ERROR] SQL: SELECT u.*, p.nome as perfil_nome 
                FROM usuarios u 
                JOIN perfis p ON u.perfil_id = p.id 
                WHERE (u.usuario = :username OR u.email = :email) 
                AND u.ativo = 1 | Params: {":username":"admin",":email":"admin"} | Result: Found
[2025-08-20 09:05:58] [USER ERROR] SQL: SELECT u.*, p.nome as perfil_nome 
                FROM usuarios u 
                JOIN perfis p ON u.perfil_id = p.id 
                WHERE (u.usuario = :username OR u.email = :email) 
                AND u.ativo = 1 | Params: {":username":"admin",":email":"admin"} | Result: Found
[2025-08-20 10:03:36] [USER ERROR] SQL: SELECT u.*, p.nome as perfil_nome 
                FROM usuarios u 
                JOIN perfis p ON u.perfil_id = p.id 
                WHERE (u.usuario = :username OR u.email = :email) 
                AND u.ativo = 1 | Params: {":username":"admin",":email":"admin"} | Result: Found
[2025-08-20 12:58:24] [USER ERROR] SQL: SELECT u.*, p.nome as perfil_nome 
                FROM usuarios u 
                JOIN perfis p ON u.perfil_id = p.id 
                WHERE (u.usuario = :username OR u.email = :email) 
                AND u.ativo = 1 | Params: {":username":"admin",":email":"admin"} | Result: Found
[2025-08-20 13:02:51] [USER ERROR] SQL: SELECT u.*, p.nome as perfil_nome 
                FROM usuarios u 
                JOIN perfis p ON u.perfil_id = p.id 
                WHERE (u.usuario = :username OR u.email = :email) 
                AND u.ativo = 1 | Params: {":username":"admin",":email":"admin"} | Result: Found
[2025-08-20 14:06:15] [USER ERROR] SQL: SELECT u.*, p.nome as perfil_nome 
                FROM usuarios u 
                JOIN perfis p ON u.perfil_id = p.id 
                WHERE (u.usuario = :username OR u.email = :email) 
                AND u.ativo = 1 | Params: {":username":"admin",":email":"admin"} | Result: Found
[2025-08-21 09:19:02] [USER ERROR] SQL: SELECT u.*, p.nome as perfil_nome 
                FROM usuarios u 
                JOIN perfis p ON u.perfil_id = p.id 
                WHERE (u.usuario = :username OR u.email = :email) 
                AND u.ativo = 1 | Params: {":username":"admin",":email":"admin"} | Result: Found
[2025-08-21 10:19:36] [USER ERROR] SQL: SELECT u.*, p.nome as perfil_nome 
                FROM usuarios u 
                JOIN perfis p ON u.perfil_id = p.id 
                WHERE (u.usuario = :username OR u.email = :email) 
                AND u.ativo = 1 | Params: {":username":"admin",":email":"admin"} | Result: Found
[2025-08-21 11:20:04] [USER ERROR] SQL: SELECT u.*, p.nome as perfil_nome 
                FROM usuarios u 
                JOIN perfis p ON u.perfil_id = p.id 
                WHERE (u.usuario = :username OR u.email = :email) 
                AND u.ativo = 1 | Params: {":username":"admin",":email":"admin"} | Result: Found
[2025-08-21 13:10:43] [USER ERROR] SQL: SELECT u.*, p.nome as perfil_nome 
                FROM usuarios u 
                JOIN perfis p ON u.perfil_id = p.id 
                WHERE (u.usuario = :username OR u.email = :email) 
                AND u.ativo = 1 | Params: {":username":"admin",":email":"admin"} | Result: Found
[2025-08-25 10:04:00] [USER ERROR] SQL: SELECT u.*, p.nome as perfil_nome 
                FROM usuarios u 
                JOIN perfis p ON u.perfil_id = p.id 
                WHERE (u.usuario = :username OR u.email = :email) 
                AND u.ativo = 1 | Params: {":username":"admin",":email":"admin"} | Result: Found
[2025-08-25 11:18:13] [USER ERROR] SQL: SELECT u.*, p.nome as perfil_nome 
                FROM usuarios u 
                JOIN perfis p ON u.perfil_id = p.id 
                WHERE (u.usuario = :username OR u.email = :email) 
                AND u.ativo = 1 | Params: {":username":"admin",":email":"admin"} | Result: Found
[2025-08-25 14:39:25] [USER ERROR] SQL: SELECT u.*, p.nome as perfil_nome 
                FROM usuarios u 
                JOIN perfis p ON u.perfil_id = p.id 
                WHERE (u.usuario = :username OR u.email = :email) 
                AND u.ativo = 1 | Params: {":username":"admin",":email":"admin"} | Result: Found
[2025-08-28 10:11:22] [USER ERROR] SQL: SELECT u.*, p.nome as perfil_nome 
                FROM usuarios u 
                JOIN perfis p ON u.perfil_id = p.id 
                WHERE (u.usuario = :username OR u.email = :email) 
                AND u.ativo = 1 | Params: {":username":"admin",":email":"admin"} | Result: Found
[2025-08-28 11:15:20] [USER ERROR] SQL: SELECT u.*, p.nome as perfil_nome 
                FROM usuarios u 
                JOIN perfis p ON u.perfil_id = p.id 
                WHERE (u.usuario = :username OR u.email = :email) 
                AND u.ativo = 1 | Params: {":username":"admin",":email":"admin"} | Result: Found
[2025-08-28 16:04:25] [USER ERROR] SQL: SELECT u.*, p.nome as perfil_nome 
                FROM usuarios u 
                JOIN perfis p ON u.perfil_id = p.id 
                WHERE (u.usuario = :username OR u.email = :email) 
                AND u.ativo = 1 | Params: {":username":"admin",":email":"admin"} | Result: Found
[2025-08-28 16:28:13] [USER ERROR] SQL: SELECT u.*, p.nome as perfil_nome 
                FROM usuarios u 
                JOIN perfis p ON u.perfil_id = p.id 
                WHERE (u.usuario = :username OR u.email = :email) 
                AND u.ativo = 1 | Params: {":username":"flavio",":email":"flavio"} | Result: Found
[2025-08-28 16:38:22] [USER ERROR] SQL: SELECT u.*, p.nome as perfil_nome 
                FROM usuarios u 
                JOIN perfis p ON u.perfil_id = p.id 
                WHERE (u.usuario = :username OR u.email = :email) 
                AND u.ativo = 1 | Params: {":username":"admin",":email":"admin"} | Result: Found
[2025-08-28 21:28:31] [USER ERROR] SQL: SELECT u.*, p.nome as perfil_nome 
                FROM usuarios u 
                JOIN perfis p ON u.perfil_id = p.id 
                WHERE (u.usuario = :username OR u.email = :email) 
                AND u.ativo = 1 | Params: {":username":"flavio",":email":"flavio"} | Result: Found
[2025-08-28 23:11:08] [USER ERROR] SQL: SELECT u.*, p.nome as perfil_nome 
                FROM usuarios u 
                JOIN perfis p ON u.perfil_id = p.id 
                WHERE (u.usuario = :username OR u.email = :email) 
                AND u.ativo = 1 | Params: {":username":"admin",":email":"admin"} | Result: Found
[2025-08-31 19:07:02] [USER ERROR] SQL: SELECT u.*, p.nome as perfil_nome 
                FROM usuarios u 
                JOIN perfis p ON u.perfil_id = p.id 
                WHERE (u.usuario = :username OR u.email = :email) 
                AND u.ativo = 1 | Params: {":username":"admin",":email":"admin"} | Result: Found
[2025-08-31 20:31:26] [USER ERROR] SQL: SELECT u.*, p.nome as perfil_nome 
                FROM usuarios u 
                JOIN perfis p ON u.perfil_id = p.id 
                WHERE (u.usuario = :username OR u.email = :email) 
                AND u.ativo = 1 | Params: {":username":"admin",":email":"admin"} | Result: Found
[2025-09-01 09:35:14] [USER ERROR] SQL: SELECT u.*, p.nome as perfil_nome 
                FROM usuarios u 
                JOIN perfis p ON u.perfil_id = p.id 
                WHERE (u.usuario = :username OR u.email = :email) 
                AND u.ativo = 1 | Params: {":username":"admin",":email":"admin"} | Result: Found
[2025-09-05 10:41:57] [USER ERROR] SQL: SELECT u.*, p.nome as perfil_nome 
                FROM usuarios u 
                JOIN perfis p ON u.perfil_id = p.id 
                WHERE (u.usuario = :username OR u.email = :email) 
                AND u.ativo = 1 | Params: {":username":"admin",":email":"admin"} | Result: Found
[2025-09-05 10:41:57] [USER ERROR] Senha inválida para: admin
[2025-09-05 10:42:33] [USER ERROR] SQL: SELECT u.*, p.nome as perfil_nome 
                FROM usuarios u 
                JOIN perfis p ON u.perfil_id = p.id 
                WHERE (u.usuario = :username OR u.email = :email) 
                AND u.ativo = 1 | Params: {":username":"admin",":email":"admin"} | Result: Found
[2025-09-05 10:42:33] [USER ERROR] Senha inválida para: admin
[2025-09-05 13:31:52] [USER ERROR] SQL: SELECT u.*, p.nome as perfil_nome 
                FROM usuarios u 
                JOIN perfis p ON u.perfil_id = p.id 
                WHERE (u.usuario = :username OR u.email = :email) 
                AND u.ativo = 1 | Params: {":username":"admin",":email":"admin"} | Result: Found
[2025-09-05 13:31:53] [USER ERROR] Senha inválida para: admin
[2025-09-05 13:32:13] [USER ERROR] SQL: SELECT u.*, p.nome as perfil_nome 
                FROM usuarios u 
                JOIN perfis p ON u.perfil_id = p.id 
                WHERE (u.usuario = :username OR u.email = :email) 
                AND u.ativo = 1 | Params: {":username":"admin",":email":"admin"} | Result: Found
[2025-09-05 13:32:13] [USER ERROR] Senha inválida para: admin
[2025-09-05 13:33:50] [USER ERROR] SQL: SELECT u.*, p.nome as perfil_nome 
                FROM usuarios u 
                JOIN perfis p ON u.perfil_id = p.id 
                WHERE (u.usuario = :username OR u.email = :email) 
                AND u.ativo = 1 | Params: {":username":"admin",":email":"admin"} | Result: Found
[2025-09-05 13:33:50] [USER ERROR] Senha inválida para: admin
[2025-09-05 13:34:16] [USER ERROR] SQL: SELECT u.*, p.nome as perfil_nome 
                FROM usuarios u 
                JOIN perfis p ON u.perfil_id = p.id 
                WHERE (u.usuario = :username OR u.email = :email) 
                AND u.ativo = 1 | Params: {":username":"admin",":email":"admin"} | Result: Found
[2025-09-05 13:34:17] [USER ERROR] Senha inválida para: admin
[2025-09-05 13:35:02] [USER ERROR] SQL: SELECT u.*, p.nome as perfil_nome 
                FROM usuarios u 
                JOIN perfis p ON u.perfil_id = p.id 
                WHERE (u.usuario = :username OR u.email = :email) 
                AND u.ativo = 1 | Params: {":username":"admin",":email":"admin"} | Result: Found
[2025-09-05 13:35:02] [USER ERROR] Senha inválida para: admin
[2025-09-05 13:40:35] [USER ERROR] SQL: SELECT u.*, p.nome as perfil_nome 
                FROM usuarios u 
                JOIN perfis p ON u.perfil_id = p.id 
                WHERE (u.usuario = :username OR u.email = :email) 
                AND u.ativo = 1 | Params: {":username":"admin",":email":"admin"} | Result: Found
[2025-09-05 13:40:36] [USER ERROR] Senha inválida para: admin
[2025-09-05 13:47:47] [USER ERROR] SQL: SELECT u.*, p.nome as perfil_nome 
                FROM usuarios u 
                JOIN perfis p ON u.perfil_id = p.id 
                WHERE (u.usuario = :username OR u.email = :email) 
                AND u.ativo = 1 | Params: {":username":"admin",":email":"admin"} | Result: Found
[2025-09-05 13:47:47] [USER ERROR] Senha inválida para: admin
[2025-09-05 14:45:51] [USER ERROR] SQL: SELECT u.*, p.nome as perfil_nome 
                FROM usuarios u 
                JOIN perfis p ON u.perfil_id = p.id 
                WHERE (u.usuario = :username OR u.email = :email) 
                AND u.ativo = 1 | Params: {":username":"admin",":email":"admin"} | Result: Found
[2025-09-05 14:45:51] [USER ERROR] Senha inválida para: admin
[2025-09-05 14:47:03] [USER ERROR] SQL: SELECT u.*, p.nome as perfil_nome 
                FROM usuarios u 
                JOIN perfis p ON u.perfil_id = p.id 
                WHERE (u.usuario = :username OR u.email = :email) 
                AND u.ativo = 1 | Params: {":username":"admin",":email":"admin"} | Result: Found
[2025-09-05 14:47:03] [USER ERROR] Senha inválida para: admin
[2025-09-05 14:47:12] [USER ERROR] SQL: SELECT u.*, p.nome as perfil_nome 
                FROM usuarios u 
                JOIN perfis p ON u.perfil_id = p.id 
                WHERE (u.usuario = :username OR u.email = :email) 
                AND u.ativo = 1 | Params: {":username":"admin",":email":"admin"} | Result: Found
[2025-09-05 14:47:12] [USER ERROR] Senha inválida para: admin
[2025-09-05 14:47:49] [USER ERROR] SQL: SELECT u.*, p.nome as perfil_nome 
                FROM usuarios u 
                JOIN perfis p ON u.perfil_id = p.id 
                WHERE (u.usuario = :username OR u.email = :email) 
                AND u.ativo = 1 | Params: {":username":"admin",":email":"admin"} | Result: Found
[2025-09-05 14:47:49] [USER ERROR] Senha inválida para: admin
[2025-09-05 14:51:18] [USER ERROR] SQL: SELECT u.*, p.nome as perfil_nome 
                FROM usuarios u 
                JOIN perfis p ON u.perfil_id = p.id 
                WHERE (u.usuario = :username OR u.email = :email) 
                AND u.ativo = 1 | Params: {":username":"admin",":email":"admin"} | Result: Found
[2025-09-05 14:51:18] [USER ERROR] Senha inválida para: admin
[2025-09-05 14:53:09] [USER ERROR] SQL: SELECT u.*, p.nome as perfil_nome 
                FROM usuarios u 
                JOIN perfis p ON u.perfil_id = p.id 
                WHERE (u.usuario = :username OR u.email = :email) 
                AND u.ativo = 1 | Params: {":username":"teste",":email":"teste"} | Result: Not found
[2025-09-05 14:53:09] [USER ERROR] Usuário não encontrado ou perfil inválido para: teste
[2025-09-05 14:54:00] [USER ERROR] SQL: SELECT u.*, p.nome as perfil_nome 
                FROM usuarios u 
                JOIN perfis p ON u.perfil_id = p.id 
                WHERE (u.usuario = :username OR u.email = :email) 
                AND u.ativo = 1 | Params: {":username":"admin",":email":"admin"} | Result: Found
[2025-09-05 14:54:00] [USER ERROR] Senha inválida para: admin
[2025-09-05 14:57:42] [USER ERROR] SQL: SELECT u.*, p.nome as perfil_nome 
                FROM usuarios u 
                JOIN perfis p ON u.perfil_id = p.id 
                WHERE (u.usuario = :username OR u.email = :email) 
                AND u.ativo = 1 | Params: {":username":"admin",":email":"admin"} | Result: Found
[2025-09-05 14:57:42] [USER ERROR] Senha inválida para: admin
[2025-09-05 14:58:57] [USER ERROR] SQL: SELECT u.*, p.nome as perfil_nome 
                FROM usuarios u 
                JOIN perfis p ON u.perfil_id = p.id 
                WHERE (u.usuario = :username OR u.email = :email) 
                AND u.ativo = 1 | Params: {":username":"admin",":email":"admin"} | Result: Found
[2025-09-05 14:58:57] [USER ERROR] Senha inválida para: admin
[2025-09-05 15:02:24] [USER ERROR] SQL: SELECT u.*, p.nome as perfil_nome 
                FROM usuarios u 
                JOIN perfis p ON u.perfil_id = p.id 
                WHERE (u.usuario = :username OR u.email = :email) 
                AND u.ativo = 1 | Params: {":username":"admin",":email":"admin"} | Result: Found
[2025-09-05 15:02:24] [USER ERROR] Senha inválida para: admin
[2025-09-05 15:05:07] [USER ERROR] SQL: SELECT u.*, p.nome as perfil_nome 
                FROM usuarios u 
                JOIN perfis p ON u.perfil_id = p.id 
                WHERE (u.usuario = :username OR u.email = :email) 
                AND u.ativo = 1 | Params: {":username":"admin",":email":"admin"} | Result: Found
[2025-09-05 15:05:07] [USER ERROR] Senha inválida para: admin
[2025-09-05 15:08:22] [USER ERROR] SQL: SELECT u.*, p.nome as perfil_nome 
                FROM usuarios u 
                JOIN perfis p ON u.perfil_id = p.id 
                WHERE (u.usuario = :username OR u.email = :email) 
                AND u.ativo = 1 | Params: {":username":"admin",":email":"admin"} | Result: Found
[2025-09-05 16:58:41] [USER ERROR] SQL: SELECT u.*, p.nome as perfil_nome 
                FROM usuarios u 
                JOIN perfis p ON u.perfil_id = p.id 
                WHERE (u.usuario = :username OR u.email = :email) 
                AND u.ativo = 1 | Params: {":username":"admin",":email":"admin"} | Result: Found
[2025-09-05 17:04:49] [USER ERROR] SQL: SELECT u.*, p.nome as perfil_nome 
                FROM usuarios u 
                JOIN perfis p ON u.perfil_id = p.id 
                WHERE (u.usuario = :username OR u.email = :email) 
                AND u.ativo = 1 | Params: {":username":"Fl\u00e1vio",":email":"Fl\u00e1vio"} | Result: Found
[2025-09-05 18:08:10] [USER ERROR] SQL: SELECT u.*, p.nome as perfil_nome 
                FROM usuarios u 
                JOIN perfis p ON u.perfil_id = p.id 
                WHERE (u.usuario = :username OR u.email = :email) 
                AND u.ativo = 1 | Params: {":username":"admin",":email":"admin"} | Result: Found
[2025-09-05 18:14:38] [USER ERROR] SQL: SELECT u.*, p.nome as perfil_nome 
                FROM usuarios u 
                JOIN perfis p ON u.perfil_id = p.id 
                WHERE (u.usuario = :username OR u.email = :email) 
                AND u.ativo = 1 | Params: {":username":"Fl\u00e1vio",":email":"Fl\u00e1vio"} | Result: Found
[2025-09-05 18:26:15] [USER ERROR] SQL: SELECT u.*, p.nome as perfil_nome 
                FROM usuarios u 
                JOIN perfis p ON u.perfil_id = p.id 
                WHERE (u.usuario = :username OR u.email = :email) 
                AND u.ativo = 1 | Params: {":username":"admin",":email":"admin"} | Result: Found
[2025-09-05 18:39:38] [USER ERROR] SQL: SELECT u.*, p.nome as perfil_nome 
                FROM usuarios u 
                JOIN perfis p ON u.perfil_id = p.id 
                WHERE (u.usuario = :username OR u.email = :email) 
                AND u.ativo = 1 | Params: {":username":"Fl\u00e1vio",":email":"Fl\u00e1vio"} | Result: Found
[2025-09-05 19:41:32] [USER ERROR] SQL: SELECT u.*, p.nome as perfil_nome 
                FROM usuarios u 
                JOIN perfis p ON u.perfil_id = p.id 
                WHERE (u.usuario = :username OR u.email = :email) 
                AND u.ativo = 1 | Params: {":username":"Fl\u00e1vio",":email":"Fl\u00e1vio"} | Result: Found
[2025-09-05 19:47:11] [USER ERROR] SQL: SELECT u.*, p.nome as perfil_nome 
                FROM usuarios u 
                JOIN perfis p ON u.perfil_id = p.id 
                WHERE (u.usuario = :username OR u.email = :email) 
                AND u.ativo = 1 | Params: {":username":"admin",":email":"admin"} | Result: Found
[2025-09-05 20:19:37] [USER ERROR] SQL: SELECT u.*, p.nome as perfil_nome 
                FROM usuarios u 
                JOIN perfis p ON u.perfil_id = p.id 
                WHERE (u.usuario = :username OR u.email = :email) 
                AND u.ativo = 1 | Params: {":username":"Fl\u00e1vio",":email":"Fl\u00e1vio"} | Result: Found
[2025-09-05 22:38:46] [USER ERROR] SQL: SELECT u.*, p.nome as perfil_nome 
                FROM usuarios u 
                JOIN perfis p ON u.perfil_id = p.id 
                WHERE (u.usuario = :username OR u.email = :email) 
                AND u.ativo = 1 | Params: {":username":"admin",":email":"admin"} | Result: Found
[2025-09-05 22:39:00] [USER ERROR] SQL: SELECT u.*, p.nome as perfil_nome 
                FROM usuarios u 
                JOIN perfis p ON u.perfil_id = p.id 
                WHERE (u.usuario = :username OR u.email = :email) 
                AND u.ativo = 1 | Params: {":username":"Fl\u00e1vio",":email":"Fl\u00e1vio"} | Result: Found
[2025-09-05 22:52:14] [USER ERROR] SQL: SELECT u.*, p.nome as perfil_nome 
                FROM usuarios u 
                JOIN perfis p ON u.perfil_id = p.id 
                WHERE (u.usuario = :username OR u.email = :email) 
                AND u.ativo = 1 | Params: {":username":"admin",":email":"admin"} | Result: Found
[2025-09-05 22:52:46] [USER ERROR] SQL: SELECT u.*, p.nome as perfil_nome 
                FROM usuarios u 
                JOIN perfis p ON u.perfil_id = p.id 
                WHERE (u.usuario = :username OR u.email = :email) 
                AND u.ativo = 1 | Params: {":username":"Fl\u00e1vio",":email":"Fl\u00e1vio"} | Result: Found
[2025-09-05 23:32:34] [USER ERROR] SQL: SELECT u.*, p.nome as perfil_nome 
                FROM usuarios u 
                JOIN perfis p ON u.perfil_id = p.id 
                WHERE (u.usuario = :username OR u.email = :email) 
                AND u.ativo = 1 | Params: {":username":"admin",":email":"admin"} | Result: Found
[2025-09-05 23:32:53] [USER ERROR] SQL: SELECT u.*, p.nome as perfil_nome 
                FROM usuarios u 
                JOIN perfis p ON u.perfil_id = p.id 
                WHERE (u.usuario = :username OR u.email = :email) 
                AND u.ativo = 1 | Params: {":username":"Fl\u00e1vio",":email":"Fl\u00e1vio"} | Result: Found
[2025-09-05 23:33:12] [USER ERROR] SQL: SELECT u.*, p.nome as perfil_nome 
                FROM usuarios u 
                JOIN perfis p ON u.perfil_id = p.id 
                WHERE (u.usuario = :username OR u.email = :email) 
                AND u.ativo = 1 | Params: {":username":"admin",":email":"admin"} | Result: Found
[2025-09-05 23:33:59] [USER ERROR] SQL: SELECT u.*, p.nome as perfil_nome 
                FROM usuarios u 
                JOIN perfis p ON u.perfil_id = p.id 
                WHERE (u.usuario = :username OR u.email = :email) 
                AND u.ativo = 1 | Params: {":username":"Fl\u00e1vio",":email":"Fl\u00e1vio"} | Result: Found
[2025-09-06 10:12:38] [USER ERROR] SQL: SELECT u.*, p.nome as perfil_nome 
                FROM usuarios u 
                JOIN perfis p ON u.perfil_id = p.id 
                WHERE (u.usuario = :username OR u.email = :email) 
                AND u.ativo = 1 | Params: {":username":"admin",":email":"admin"} | Result: Found
[2025-09-06 10:13:43] [USER ERROR] SQL: SELECT u.*, p.nome as perfil_nome 
                FROM usuarios u 
                JOIN perfis p ON u.perfil_id = p.id 
                WHERE (u.usuario = :username OR u.email = :email) 
                AND u.ativo = 1 | Params: {":username":"admin",":email":"admin"} | Result: Found
[2025-09-06 17:34:02] [USER ERROR] SQL: SELECT u.*, p.nome as perfil_nome 
                FROM usuarios u 
                JOIN perfis p ON u.perfil_id = p.id 
                WHERE (u.usuario = :username OR u.email = :email) 
                AND u.ativo = 1 | Params: {":username":"admin",":email":"admin"} | Result: Found
[2025-09-06 17:53:16] [USER ERROR] SQL: SELECT u.*, p.nome as perfil_nome 
                FROM usuarios u 
                JOIN perfis p ON u.perfil_id = p.id 
                WHERE (u.usuario = :username OR u.email = :email) 
                AND u.ativo = 1 | Params: {":username":"Fl\u00e1vio",":email":"Fl\u00e1vio"} | Result: Found
[2025-09-06 19:32:31] [USER ERROR] SQL: SELECT u.*, p.nome as perfil_nome 
                FROM usuarios u 
                JOIN perfis p ON u.perfil_id = p.id 
                WHERE (u.usuario = :username OR u.email = :email) 
                AND u.ativo = 1 | Params: {":username":"admin",":email":"admin"} | Result: Found
[2025-09-06 20:38:27] [USER ERROR] SQL: SELECT u.*, p.nome as perfil_nome 
                FROM usuarios u 
                JOIN perfis p ON u.perfil_id = p.id 
                WHERE (u.usuario = :username OR u.email = :email) 
                AND u.ativo = 1 | Params: {":username":"admin",":email":"admin"} | Result: Found
[2025-09-06 22:31:11] [USER ERROR] SQL: SELECT u.*, p.nome as perfil_nome 
                FROM usuarios u 
                JOIN perfis p ON u.perfil_id = p.id 
                WHERE (u.usuario = :username OR u.email = :email) 
                AND u.ativo = 1 | Params: {":username":"admin",":email":"admin"} | Result: Found
[2025-09-06 23:31:37] [USER ERROR] SQL: SELECT u.*, p.nome as perfil_nome 
                FROM usuarios u 
                JOIN perfis p ON u.perfil_id = p.id 
                WHERE (u.usuario = :username OR u.email = :email) 
                AND u.ativo = 1 | Params: {":username":"admin",":email":"admin"} | Result: Found
[2025-09-07 00:35:31] [USER ERROR] SQL: SELECT u.*, p.nome as perfil_nome 
                FROM usuarios u 
                JOIN perfis p ON u.perfil_id = p.id 
                WHERE (u.usuario = :username OR u.email = :email) 
                AND u.ativo = 1 | Params: {":username":"admin",":email":"admin"} | Result: Found
[2025-09-07 00:56:07] [USER ERROR] SQL: SELECT u.*, p.nome as perfil_nome 
                FROM usuarios u 
                JOIN perfis p ON u.perfil_id = p.id 
                WHERE (u.usuario = :username OR u.email = :email) 
                AND u.ativo = 1 | Params: {":username":"Fl\u00e1vio",":email":"Fl\u00e1vio"} | Result: Found
[2025-09-07 01:00:11] [USER ERROR] SQL: SELECT u.*, p.nome as perfil_nome 
                FROM usuarios u 
                JOIN perfis p ON u.perfil_id = p.id 
                WHERE (u.usuario = :username OR u.email = :email) 
                AND u.ativo = 1 | Params: {":username":"admin",":email":"admin"} | Result: Found
[2025-09-07 01:00:22] [USER ERROR] SQL: SELECT u.*, p.nome as perfil_nome 
                FROM usuarios u 
                JOIN perfis p ON u.perfil_id = p.id 
                WHERE (u.usuario = :username OR u.email = :email) 
                AND u.ativo = 1 | Params: {":username":"Fl\u00e1vio",":email":"Fl\u00e1vio"} | Result: Found
[2025-09-07 01:04:14] [USER ERROR] SQL: SELECT u.*, p.nome as perfil_nome 
                FROM usuarios u 
                JOIN perfis p ON u.perfil_id = p.id 
                WHERE (u.usuario = :username OR u.email = :email) 
                AND u.ativo = 1 | Params: {":username":"admin",":email":"admin"} | Result: Found
